Arguments: 
  /Users/alexj/.nvm/versions/node/v10.15.3/bin/node /Users/alexj/.yarn/bin/yarn.js

PATH: 
  /Users/alexj/.nvm/versions/node/v10.15.3/bin:.:/Users/alexj/bin:/usr/local/share/npm/bin:/usr/local/opt/coreutils/libexec/gnubin:/Users/alexj/.yarn/bin:/Users/alexj/.config/yarn/global/node_modules/.bin:/usr/local/bin:/usr/local/sbin:./node_modules/.bin:/usr/local/bin:/usr/bin:/bin:/usr/sbin:/sbin:/usr/local/share/dotnet:~/.dotnet/tools:/Library/Frameworks/Mono.framework/Versions/Current/Commands:/usr/local/opt/fzf/bin:/Users/alexj/Library/Android/sdk/tools:/Users/alexj/Library/Android/sdk/platform-tools:/Applications/Visual Studio Code.app/Contents/Resources/app/bin

Yarn version: 
  1.19.1

Node version: 
  10.15.3

Platform: 
  darwin x64

Trace: 
  Error: https://registry.yarnpkg.com/@loops%2fcore: Not found
      at Request.params.callback [as _callback] (/Users/alexj/.yarn/lib/cli.js:66926:18)
      at Request.self.callback (/Users/alexj/.yarn/lib/cli.js:140564:22)
      at Request.emit (events.js:189:13)
      at Request.<anonymous> (/Users/alexj/.yarn/lib/cli.js:141536:10)
      at Request.emit (events.js:189:13)
      at IncomingMessage.<anonymous> (/Users/alexj/.yarn/lib/cli.js:141458:12)
      at Object.onceWrapper (events.js:277:13)
      at IncomingMessage.emit (events.js:194:15)
      at endReadableNT (_stream_readable.js:1125:12)
      at process._tickCallback (internal/process/next_tick.js:63:19)

npm manifest: 
  {
    "name": "@loops/web",
    "version": "1.0.0",
    "description": "",
    "main": "index.js",
    "scripts": {
      "start": "webpack-dev-server --config ./webpack.config.js --mode development"
    },
    "repository": {
      "type": "git",
      "url": "git+https://github.com/alexjilkin/looper.git"
    },
    "author": "",
    "license": "ISC",
    "bugs": {
      "url": "https://github.com/alexjilkin/looper/issues"
    },
    "dependencies": {
      "history": "^4.9.0",
      "lodash": "^4.17.15",
      "postcss-nested": "^4.1.2",
      "react": "^16.8.6",
      "react-dom": "^16.2.0",
      "react-transform-catch-errors": "^1.0.2",
      "react-transform-hmr": "^1.0.4",
      "@loops/core": "*"
    },
    "devDependencies": {
      "@babel/core": "^7.5.5",
      "@babel/preset-env": "^7.5.5",
      "@babel/preset-react": "^7.0.0",
      "babel-polyfill": "^6.26.0",
      "babel-preset-env": "^1.7.0",
      "babel-preset-stage-0": "^6.24.1",
      "babel-loader": "^8.0.6",
      "babel-plugin-react-css-modules": "^5.2.6",
      "css-loader": "^0.28.11",
      "node-sass": "^4.12.0",
      "postcss": "^7.0.17",
      "postcss-import": "^12.0.1",
      "postcss-loader": "^3.0.0",
      "postcss-preset-env": "^6.7.0",
      "postcss-scss": "^2.0.0",
      "postcss-url": "^8.0.0",
      "react-hot-loader": "^3.1.3",
      "react-test-renderer": "^16.3.2",
      "sass-loader": "^8.0.0",
      "style-loader": "^0.21.0",
      "webpack": "^4.39.3",
      "webpack-cli": "^3.3.5",
      "webpack-dev-server": "^3.7.2"
    },
    "homepage": "https://github.com/alexjilkin/looper#readme"
  }

yarn manifest: 
  No manifest

Lockfile: 
  No lockfile
